<?xml version="1.0" encoding="UTF-8"?>
<!-- Generated by org.testng.reporters.JUnitReportReporter -->
<testsuite hostname="DESKTOP-ORH0E8A" failures="0" tests="2" name="testcases.LoginTest" time="28.634" errors="0" timestamp="2023-03-22T12:15:32 IST" skipped="0">
  <testcase classname="testcases.LoginTest" name="LoginwithValidCredentials" time="13.344"/>
  <system-out/>
  <testcase classname="testcases.LoginTest" name="LoginwithInValidCredentials" time="15.290"/>
  <system-out/>
</testsuite> <!-- testcases.LoginTest -->
