<?xml version="1.0" encoding="UTF-8"?>
<!-- Generated by org.testng.reporters.JUnitReportReporter -->
<testsuite hostname="DESKTOP-ORH0E8A" failures="0" tests="1" name="testcases.SignupTest" time="22.693" errors="0" timestamp="2023-03-22T12:15:32 IST" skipped="0">
  <testcase classname="testcases.SignupTest" name="Signup" time="22.693"/>
  <system-out/>
</testsuite> <!-- testcases.SignupTest -->
