<?xml version="1.0" encoding="UTF-8"?>
<!-- Generated by org.testng.reporters.JUnitReportReporter -->
<testsuite hostname="DESKTOP-ORH0E8A" failures="0" tests="2" name="testcases.LoginTest" time="33.567" errors="0" timestamp="2023-03-23T00:56:20 IST" skipped="0">
  <testcase classname="testcases.LoginTest" name="LoginwithValidCredentials" time="19.206"/>
  <system-out/>
  <testcase classname="testcases.LoginTest" name="LoginwithInValidCredentials" time="14.361"/>
  <system-out/>
</testsuite> <!-- testcases.LoginTest -->
