<?xml version="1.0" encoding="UTF-8"?>
<!-- Generated by org.testng.reporters.JUnitReportReporter -->
<testsuite hostname="DESKTOP-ORH0E8A" failures="0" tests="1" name="testcases.SignupTest" time="29.232" errors="0" timestamp="2023-03-23T00:56:20 IST" skipped="0">
  <testcase classname="testcases.SignupTest" name="Signup" time="29.232"/>
  <system-out/>
</testsuite> <!-- testcases.SignupTest -->
